0 info it worked if it ends with ok
1 verbose cli [ '/usr/local/bin/node',
1 verbose cli   '/usr/local/bin/npm',
1 verbose cli   'install',
1 verbose cli   '-g',
1 verbose cli   'cordova',
1 verbose cli   'ionic' ]
2 info using npm@2.14.20
3 info using node@v4.4.1
4 verbose install initial load of /usr/local/lib/package.json
5 verbose readDependencies loading dependencies from /usr/local/lib/package.json
6 silly cache add args [ 'cordova', null ]
7 verbose cache add spec cordova
8 silly cache add args [ 'ionic', null ]
9 verbose cache add spec ionic
10 silly cache add parsed spec Result {
10 silly cache add   raw: 'cordova',
10 silly cache add   scope: null,
10 silly cache add   name: 'cordova',
10 silly cache add   rawSpec: '',
10 silly cache add   spec: 'latest',
10 silly cache add   type: 'tag' }
11 silly addNamed cordova@latest
12 verbose addNamed "latest" is being treated as a dist-tag for cordova
13 info addNameTag [ 'cordova', 'latest' ]
14 silly mapToRegistry name cordova
15 silly mapToRegistry using default registry
16 silly mapToRegistry registry https://registry.npmjs.org/
17 silly mapToRegistry uri https://registry.npmjs.org/cordova
18 verbose addNameTag registry:https://registry.npmjs.org/cordova not in flight; fetching
19 silly cache add parsed spec Result {
19 silly cache add   raw: 'ionic',
19 silly cache add   scope: null,
19 silly cache add   name: 'ionic',
19 silly cache add   rawSpec: '',
19 silly cache add   spec: 'latest',
19 silly cache add   type: 'tag' }
20 silly addNamed ionic@latest
21 verbose addNamed "latest" is being treated as a dist-tag for ionic
22 info addNameTag [ 'ionic', 'latest' ]
23 silly mapToRegistry name ionic
24 silly mapToRegistry using default registry
25 silly mapToRegistry registry https://registry.npmjs.org/
26 silly mapToRegistry uri https://registry.npmjs.org/ionic
27 verbose addNameTag registry:https://registry.npmjs.org/ionic not in flight; fetching
28 verbose request uri https://registry.npmjs.org/cordova
29 verbose request no auth needed
30 info attempt registry request try #1 at 2:46:41 AM
31 verbose request id 25dbf9c7224f8c10
32 verbose etag "DGJHRS7T69V2KSN0IDDPZNQLZ"
33 http request GET https://registry.npmjs.org/cordova
34 verbose request uri https://registry.npmjs.org/ionic
35 verbose request no auth needed
36 info attempt registry request try #1 at 2:46:41 AM
37 verbose etag "31UIOUW0DCB8SFC453X7NSDB5"
38 http request GET https://registry.npmjs.org/ionic
39 http 304 https://registry.npmjs.org/cordova
40 verbose headers { date: 'Fri, 25 Mar 2016 23:46:42 GMT',
40 verbose headers   via: '1.1 varnish',
40 verbose headers   'cache-control': 'max-age=300',
40 verbose headers   etag: '"DGJHRS7T69V2KSN0IDDPZNQLZ"',
40 verbose headers   age: '200',
40 verbose headers   connection: 'keep-alive',
40 verbose headers   'x-served-by': 'cache-fra1233-FRA',
40 verbose headers   'x-cache': 'HIT',
40 verbose headers   'x-cache-hits': '2',
40 verbose headers   'x-timer': 'S1458949602.785426,VS0,VE0',
40 verbose headers   vary: 'Accept' }
41 silly get cb [ 304,
41 silly get   { date: 'Fri, 25 Mar 2016 23:46:42 GMT',
41 silly get     via: '1.1 varnish',
41 silly get     'cache-control': 'max-age=300',
41 silly get     etag: '"DGJHRS7T69V2KSN0IDDPZNQLZ"',
41 silly get     age: '200',
41 silly get     connection: 'keep-alive',
41 silly get     'x-served-by': 'cache-fra1233-FRA',
41 silly get     'x-cache': 'HIT',
41 silly get     'x-cache-hits': '2',
41 silly get     'x-timer': 'S1458949602.785426,VS0,VE0',
41 silly get     vary: 'Accept' } ]
42 verbose etag https://registry.npmjs.org/cordova from cache
43 verbose get saving cordova to /Users/fix/.npm/registry.npmjs.org/cordova/.cache.json
44 verbose correctMkdir /Users/fix/.npm correctMkdir not in flight; initializing
45 silly addNameTag next cb for cordova with tag latest
46 silly addNamed cordova@6.1.0
47 verbose addNamed "6.1.0" is a plain semver version for cordova
48 http 304 https://registry.npmjs.org/ionic
49 verbose headers { date: 'Fri, 25 Mar 2016 23:46:42 GMT',
49 verbose headers   via: '1.1 varnish',
49 verbose headers   'cache-control': 'max-age=300',
49 verbose headers   etag: '"31UIOUW0DCB8SFC453X7NSDB5"',
49 verbose headers   age: '97',
49 verbose headers   connection: 'keep-alive',
49 verbose headers   'x-served-by': 'cache-fra1244-FRA',
49 verbose headers   'x-cache': 'HIT',
49 verbose headers   'x-cache-hits': '1',
49 verbose headers   'x-timer': 'S1458949602.840150,VS0,VE2',
49 verbose headers   vary: 'Accept' }
50 silly get cb [ 304,
50 silly get   { date: 'Fri, 25 Mar 2016 23:46:42 GMT',
50 silly get     via: '1.1 varnish',
50 silly get     'cache-control': 'max-age=300',
50 silly get     etag: '"31UIOUW0DCB8SFC453X7NSDB5"',
50 silly get     age: '97',
50 silly get     connection: 'keep-alive',
50 silly get     'x-served-by': 'cache-fra1244-FRA',
50 silly get     'x-cache': 'HIT',
50 silly get     'x-cache-hits': '1',
50 silly get     'x-timer': 'S1458949602.840150,VS0,VE2',
50 silly get     vary: 'Accept' } ]
51 verbose etag https://registry.npmjs.org/ionic from cache
52 verbose get saving ionic to /Users/fix/.npm/registry.npmjs.org/ionic/.cache.json
53 verbose correctMkdir /Users/fix/.npm correctMkdir not in flight; initializing
54 silly cache afterAdd cordova@6.1.0
55 verbose afterAdd /Users/fix/.npm/cordova/6.1.0/package/package.json not in flight; writing
56 verbose correctMkdir /Users/fix/.npm correctMkdir not in flight; initializing
57 silly addNameTag next cb for ionic with tag latest
58 silly addNamed ionic@1.7.14
59 verbose addNamed "1.7.14" is a plain semver version for ionic
60 verbose afterAdd /Users/fix/.npm/cordova/6.1.0/package/package.json written
61 silly cache afterAdd ionic@1.7.14
62 verbose afterAdd /Users/fix/.npm/ionic/1.7.14/package/package.json not in flight; writing
63 verbose correctMkdir /Users/fix/.npm correctMkdir not in flight; initializing
64 verbose afterAdd /Users/fix/.npm/ionic/1.7.14/package/package.json written
65 silly install resolved [ { name: 'cordova',
65 silly install resolved     version: '6.1.0',
65 silly install resolved     preferGlobal: 'true',
65 silly install resolved     description: 'Cordova command line interface tool',
65 silly install resolved     main: 'cordova',
65 silly install resolved     engines: { node: '>=0.9.9' },
65 silly install resolved     engineStrict: true,
65 silly install resolved     bin: { cordova: './bin/cordova' },
65 silly install resolved     scripts:
65 silly install resolved      { test: 'node node_modules/jasmine-node/bin/jasmine-node --captureExceptions --color spec',
65 silly install resolved        cover: 'node node_modules/istanbul/lib/cli.js cover --root src --print detail node_modules/jasmine-node/bin/jasmine-node -- spec' },
65 silly install resolved     repository:
65 silly install resolved      { type: 'git',
65 silly install resolved        url: 'https://git-wip-us.apache.org/repos/asf/cordova-cli.git' },
65 silly install resolved     bugs:
65 silly install resolved      { url: 'https://issues.apache.org/jira/browse/CB',
65 silly install resolved        email: 'dev@cordova.apache.org' },
65 silly install resolved     keywords: [ 'cordova', 'client', 'cli' ],
65 silly install resolved     dependencies:
65 silly install resolved      { ansi: '^0.3.0',
65 silly install resolved        'cordova-lib': '6.1.0',
65 silly install resolved        'cordova-common': '^1.1.0',
65 silly install resolved        q: '1.0.1',
65 silly install resolved        nopt: '3.0.1',
65 silly install resolved        underscore: '1.7.0',
65 silly install resolved        'update-notifier': '^0.5.0' },
65 silly install resolved     devDependencies:
65 silly install resolved      { istanbul: '^0.3.4',
65 silly install resolved        grunt: '0.4.5',
65 silly install resolved        'grunt-retire': '0.3.7',
65 silly install resolved        'jasmine-node': '1.14.5' },
65 silly install resolved     author: { name: 'Anis Kadri' },
65 silly install resolved     contributors:
65 silly install resolved      [ [Object],
65 silly install resolved        [Object],
65 silly install resolved        [Object],
65 silly install resolved        [Object],
65 silly install resolved        [Object],
65 silly install resolved        [Object],
65 silly install resolved        [Object],
65 silly install resolved        [Object],
65 silly install resolved        [Object],
65 silly install resolved        [Object],
65 silly install resolved        [Object],
65 silly install resolved        [Object],
65 silly install resolved        [Object],
65 silly install resolved        [Object],
65 silly install resolved        [Object],
65 silly install resolved        [Object],
65 silly install resolved        [Object],
65 silly install resolved        [Object],
65 silly install resolved        [Object],
65 silly install resolved        [Object],
65 silly install resolved        [Object],
65 silly install resolved        [Object],
65 silly install resolved        [Object],
65 silly install resolved        [Object] ],
65 silly install resolved     license: 'Apache-2.0',
65 silly install resolved     _id: 'cordova@6.1.0',
65 silly install resolved     _shasum: '6c801199aaa01118e7ce56ec16ad4a01d54bce1e',
65 silly install resolved     _resolved: 'https://registry.npmjs.org/cordova/-/cordova-6.1.0.tgz',
65 silly install resolved     _from: 'cordova@latest',
65 silly install resolved     _npmVersion: '3.5.3',
65 silly install resolved     _nodeVersion: '5.4.1',
65 silly install resolved     _npmUser: { name: 'stevegill', email: 'stevengill97@gmail.com' },
65 silly install resolved     dist:
65 silly install resolved      { shasum: '6c801199aaa01118e7ce56ec16ad4a01d54bce1e',
65 silly install resolved        tarball: 'http://registry.npmjs.org/cordova/-/cordova-6.1.0.tgz' },
65 silly install resolved     maintainers:
65 silly install resolved      [ [Object],
65 silly install resolved        [Object],
65 silly install resolved        [Object],
65 silly install resolved        [Object],
65 silly install resolved        [Object],
65 silly install resolved        [Object],
65 silly install resolved        [Object],
65 silly install resolved        [Object],
65 silly install resolved        [Object],
65 silly install resolved        [Object],
65 silly install resolved        [Object],
65 silly install resolved        [Object],
65 silly install resolved        [Object],
65 silly install resolved        [Object],
65 silly install resolved        [Object],
65 silly install resolved        [Object],
65 silly install resolved        [Object],
65 silly install resolved        [Object] ],
65 silly install resolved     _npmOperationalInternal:
65 silly install resolved      { host: 'packages-12-west.internal.npmjs.com',
65 silly install resolved        tmp: 'tmp/cordova-6.1.0.tgz_1458760269990_0.28462243266403675' },
65 silly install resolved     directories: {},
65 silly install resolved     readme: 'ERROR: No README data found!' },
65 silly install resolved   { name: 'ionic',
65 silly install resolved     version: '1.7.14',
65 silly install resolved     preferGlobal: true,
65 silly install resolved     description: 'A tool for creating and developing Ionic Framework mobile apps.',
65 silly install resolved     homepage: 'http://ionicframework.com/',
65 silly install resolved     bin: { ionic: 'bin/ionic' },
65 silly install resolved     scripts:
65 silly install resolved      { bump: 'node lib/tasks/bumpversion',
65 silly install resolved        'beta-bump': 'node lib/tasks/bumpversion --level pre --identifier beta',
65 silly install resolved        'publish-release': 'node lib/tasks/bumpversion --npmPublish',
65 silly install resolved        'publish-tag': 'node lib/tasks/bumpversion --level beta --npmPublishTag',
65 silly install resolved        'full-release': 'node lib/tasks/bumpversion --npmInstall --git --npmPublish',
65 silly install resolved        test: 'npm run jasmine',
65 silly install resolved        e2e: 'jasmine-node --captureExceptions ./e2e',
65 silly install resolved        jasmine: 'jasmine-node --captureExceptions  ./spec' },
65 silly install resolved     keywords:
65 silly install resolved      [ 'ionic',
65 silly install resolved        'ionic framework',
65 silly install resolved        'ionicframework',
65 silly install resolved        'mobile',
65 silly install resolved        'app',
65 silly install resolved        'hybrid',
65 silly install resolved        'cordova',
65 silly install resolved        'phonegap' ],
65 silly install resolved     repository:
65 silly install resolved      { type: 'git',
65 silly install resolved        url: 'git+https://github.com/driftyco/ionic-cli.git' },
65 silly install resolved     contributors: [ [Object], [Object], [Object], [Object] ],
65 silly install resolved     license: 'MIT',
65 silly install resolved     dependencies:
65 silly install resolved      { async: '^0.9.0',
65 silly install resolved        cheerio: '^0.19.0',
65 silly install resolved        'cli-table': '^0.3.1',
65 silly install resolved        colors: '0.6.2',
65 silly install resolved        connect: '3.1.1',
65 silly install resolved        'connect-livereload': '0.5.2',
65 silly install resolved        crc: '3.2.1',
65 silly install resolved        'cross-spawn': '0.2.3',
65 silly install resolved        'event-stream': '3.0.x',
65 silly install resolved        'expand-tilde': '^1.2.0',
65 silly install resolved        finalhandler: '0.2.0',
65 silly install resolved        'form-data': '0.1.4',
65 silly install resolved        gulp: '3.8.8',
65 silly install resolved        'ionic-app-lib': '0.7.0',
65 silly install resolved        moment: '^2.10.6',
65 silly install resolved        ncp: '0.4.2',
65 silly install resolved        npm: '2.1.3',
65 silly install resolved        open: '0.0.5',
65 silly install resolved        optimist: '0.6.0',
65 silly install resolved        progress: '1.1.7',
65 silly install resolved        prompt: '0.2.12',
65 silly install resolved        'proxy-middleware': '^0.7.0',
65 silly install resolved        q: '1.0.1',
65 silly install resolved        request: '2.51.0',
65 silly install resolved        semver: '^4.2.0',
65 silly install resolved        'serve-static': '1.7.1',
65 silly install resolved        shelljs: '0.2.6',
65 silly install resolved        'tiny-lr-fork': '0.0.5',
65 silly install resolved        underscore: '~1.7.0',
65 silly install resolved        unzip: '0.1.9',
65 silly install resolved        'vinyl-fs': '0.3.7',
65 silly install resolved        xml2js: '0.4.4' },
65 silly install resolved     devDependencies: { 'jasmine-node': '^1.14.5', rewire: '^2.3.4' },
65 silly install resolved     gitHead: '5b03fedea11144cebd15a374c14c48252a318723',
65 silly install resolved     bugs: { url: 'https://github.com/driftyco/ionic-cli/issues' },
65 silly install resolved     bundleDependencies:
65 silly install resolved      [ 'async',
65 silly install resolved        'cheerio',
65 silly install resolved        'cli-table',
65 silly install resolved        'colors',
65 silly install resolved        'connect',
65 silly install resolved        'connect-livereload',
65 silly install resolved        'crc',
65 silly install resolved        'cross-spawn',
65 silly install resolved        'event-stream',
65 silly install resolved        'expand-tilde',
65 silly install resolved        'finalhandler',
65 silly install resolved        'form-data',
65 silly install resolved        'gulp',
65 silly install resolved        'ionic-app-lib',
65 silly install resolved        'moment',
65 silly install resolved        'ncp',
65 silly install resolved        'npm',
65 silly install resolved        'open',
65 silly install resolved        'optimist',
65 silly install resolved        'progress',
65 silly install resolved        'prompt',
65 silly install resolved        'proxy-middleware',
65 silly install resolved        'q',
65 silly install resolved        'request',
65 silly install resolved        'semver',
65 silly install resolved        'serve-static',
65 silly install resolved        'shelljs',
65 silly install resolved        'tiny-lr-fork',
65 silly install resolved        'underscore',
65 silly install resolved        'unzip',
65 silly install resolved        'vinyl-fs',
65 silly install resolved        'xml2js' ],
65 silly install resolved     _id: 'ionic@1.7.14',
65 silly install resolved     _shasum: 'af493d5df4688d917d778b0934d1739b9be6efe6',
65 silly install resolved     _from: 'ionic@latest',
65 silly install resolved     _npmVersion: '3.3.12',
65 silly install resolved     _nodeVersion: '5.1.0',
65 silly install resolved     _npmUser: { name: 'dwieeb', email: 'dwieeb@gmail.com' },
65 silly install resolved     dist:
65 silly install resolved      { shasum: 'af493d5df4688d917d778b0934d1739b9be6efe6',
65 silly install resolved        tarball: 'http://registry.npmjs.org/ionic/-/ionic-1.7.14.tgz' },
65 silly install resolved     maintainers: [ [Object], [Object], [Object], [Object], [Object] ],
65 silly install resolved     _npmOperationalInternal:
65 silly install resolved      { host: 'packages-9-west.internal.npmjs.com',
65 silly install resolved        tmp: 'tmp/ionic-1.7.14.tgz_1454368560204_0.25241430499590933' },
65 silly install resolved     directories: {},
65 silly install resolved     _resolved: 'https://registry.npmjs.org/ionic/-/ionic-1.7.14.tgz',
65 silly install resolved     readme: 'ERROR: No README data found!' } ]
66 info install cordova@6.1.0 into /usr/local/lib
67 info install ionic@1.7.14 into /usr/local/lib
68 info installOne cordova@6.1.0
69 verbose installOne of cordova to /usr/local/lib not in flight; installing
70 verbose correctMkdir /Users/fix/.npm/_locks correctMkdir not in flight; initializing
71 info installOne ionic@1.7.14
72 verbose installOne of ionic to /usr/local/lib not in flight; installing
73 verbose correctMkdir /Users/fix/.npm/_locks correctMkdir already in flight; waiting
74 verbose lock using /Users/fix/.npm/_locks/cordova-fa12e2e096426a32.lock for /usr/local/lib/node_modules/cordova
75 verbose lock using /Users/fix/.npm/_locks/ionic-61c0cd50dc7a1457.lock for /usr/local/lib/node_modules/ionic
76 silly install write writing cordova 6.1.0 to /usr/local/lib/node_modules/cordova
77 silly install write writing ionic 1.7.14 to /usr/local/lib/node_modules/ionic
78 verbose unbuild lib/node_modules/cordova
79 verbose unbuild lib/node_modules/ionic
80 info preuninstall cordova@6.1.0
81 info preuninstall ionic@1.7.14
82 info uninstall cordova@6.1.0
83 info uninstall ionic@1.7.14
84 verbose unbuild rmStuff cordova@6.1.0 from /usr/local/lib/node_modules
85 silly gentlyRm /usr/local/bin/cordova is being gently removed
86 silly gentlyRm verifying /usr/local is an npm working directory
87 verbose unbuild rmStuff ionic@1.7.14 from /usr/local/lib/node_modules
88 silly gentlyRm /usr/local/bin/ionic is being gently removed
89 silly gentlyRm verifying /usr/local is an npm working directory
90 silly gentlyRm containing path /usr/local is under npm's control, in /usr/local
91 silly gentlyRm deletion target /usr/local/bin/cordova is under /usr/local
92 verbose gentlyRm vacuuming from /usr/local/bin/cordova up to /usr/local
93 silly gentlyRm containing path /usr/local is under npm's control, in /usr/local
94 silly gentlyRm deletion target /usr/local/bin/ionic is under /usr/local
95 verbose gentlyRm vacuuming from /usr/local/bin/ionic up to /usr/local
96 silly vacuum-fs removing /usr/local/bin/cordova
97 silly vacuum-fs removing /usr/local/bin/ionic
98 silly vacuum-fs quitting because other entries in /usr/local/bin
99 info postuninstall cordova@6.1.0
100 silly vacuum-fs quitting because other entries in /usr/local/bin
101 info postuninstall ionic@1.7.14
102 silly gentlyRm /usr/local/lib/node_modules/cordova is being purged from base /usr/local
103 verbose gentlyRm don't care about contents; nuking /usr/local/lib/node_modules/cordova
104 silly gentlyRm /usr/local/lib/node_modules/ionic is being purged from base /usr/local
105 verbose gentlyRm don't care about contents; nuking /usr/local/lib/node_modules/ionic
106 silly vacuum-fs purging /usr/local/lib/node_modules/cordova
107 silly vacuum-fs purging /usr/local/lib/node_modules/ionic
108 verbose unlock done using /Users/fix/.npm/_locks/ionic-61c0cd50dc7a1457.lock for /usr/local/lib/node_modules/ionic
109 verbose unlock done using /Users/fix/.npm/_locks/cordova-fa12e2e096426a32.lock for /usr/local/lib/node_modules/cordova
110 verbose stack Error: EACCES: permission denied, unlink '/usr/local/lib/node_modules/ionic/.gitattributes'
110 verbose stack     at Error (native)
111 verbose cwd /Users/fix/Desktop/tech_mail_ru_algs/p5
112 error Darwin 13.4.0
113 error argv "/usr/local/bin/node" "/usr/local/bin/npm" "install" "-g" "cordova" "ionic"
114 error node v4.4.1
115 error npm  v2.14.20
116 error path /usr/local/lib/node_modules/ionic/.gitattributes
117 error code EACCES
118 error errno -13
119 error syscall unlink
120 error Error: EACCES: permission denied, unlink '/usr/local/lib/node_modules/ionic/.gitattributes'
120 error     at Error (native)
120 error  { [Error: EACCES: permission denied, unlink '/usr/local/lib/node_modules/ionic/.gitattributes']
120 error   errno: -13,
120 error   code: 'EACCES',
120 error   syscall: 'unlink',
120 error   path: '/usr/local/lib/node_modules/ionic/.gitattributes' }
121 error Please try running this command again as root/Administrator.
122 verbose exit [ -13, true ]
123 verbose unbuild lib/node_modules/ionic
124 info preuninstall ionic@1.7.14
125 info uninstall ionic@1.7.14
126 verbose unbuild rmStuff ionic@1.7.14 from /usr/local/lib/node_modules
127 silly gentlyRm /usr/local/bin/ionic is being gently removed
128 silly gentlyRm verifying /usr/local is an npm working directory
129 silly gentlyRm containing path /usr/local is under npm's control, in /usr/local
130 silly gentlyRm deletion target /usr/local/bin/ionic is under /usr/local
131 verbose gentlyRm vacuuming from /usr/local/bin/ionic up to /usr/local
132 info postuninstall ionic@1.7.14
133 silly gentlyRm /usr/local/lib/node_modules/ionic is being purged from base /usr/local
134 verbose gentlyRm don't care about contents; nuking /usr/local/lib/node_modules/ionic
135 silly vacuum-fs purging /usr/local/lib/node_modules/ionic
136 error error rolling back Error: EACCES: permission denied, unlink '/usr/local/lib/node_modules/ionic/.gitattributes'
136 error error rolling back     at Error (native)
136 error error rolling back  { [Error: EACCES: permission denied, unlink '/usr/local/lib/node_modules/ionic/.gitattributes']
136 error error rolling back   errno: -13,
136 error error rolling back   code: 'EACCES',
136 error error rolling back   syscall: 'unlink',
136 error error rolling back   path: '/usr/local/lib/node_modules/ionic/.gitattributes' }
